<?xml version="1.0" encoding="UTF-8"?>
<!-- Generated by org.testng.reporters.JUnitXMLReporter -->
<testsuite ignored="0" hostname="Lenovo-PC" failures="0" tests="2" name="Default test" time="103.753" errors="0" timestamp="2020-07-12T18:22:32 IST">
  <testcase classname="com.screenRecorder.TestNG.ScreenRecorderTest" name="navigationTest" time="28.559"/>
  <testcase classname="com.screenRecorder.TestNG.ScreenRecorderTest" name="navigation_FeatureTest" time="52.913"/>
</testsuite> <!-- Default test -->
