<?xml version="1.0" encoding="UTF-8"?>
<testng-results ignored="0" total="2" passed="2" failed="0" skipped="0">
  <reporter-output>
  </reporter-output>
  <suite started-at="2020-07-12T18:20:48 IST" name="Default suite" finished-at="2020-07-12T18:22:32 IST" duration-ms="103753">
    <groups>
    </groups>
    <test started-at="2020-07-12T18:20:48 IST" name="Default test" finished-at="2020-07-12T18:22:32 IST" duration-ms="103753">
      <class name="com.screenRecorder.TestNG.ScreenRecorderTest">
        <test-method is-config="true" signature="setup()[pri:0, instance:com.screenRecorder.TestNG.ScreenRecorderTest@6f03482]" started-at="2020-07-12T18:20:48 IST" name="setup" finished-at="2020-07-12T18:20:57 IST" duration-ms="9008" status="PASS">
          <reporter-output>
          </reporter-output>
        </test-method> <!-- setup -->
        <test-method signature="navigationTest()[pri:0, instance:com.screenRecorder.TestNG.ScreenRecorderTest@6f03482]" started-at="2020-07-12T18:20:57 IST" name="navigationTest" finished-at="2020-07-12T18:21:26 IST" duration-ms="28559" status="PASS">
          <reporter-output>
          </reporter-output>
        </test-method> <!-- navigationTest -->
        <test-method is-config="true" signature="tearDown()[pri:0, instance:com.screenRecorder.TestNG.ScreenRecorderTest@6f03482]" started-at="2020-07-12T18:21:26 IST" name="tearDown" finished-at="2020-07-12T18:21:27 IST" duration-ms="1366" status="PASS">
          <reporter-output>
          </reporter-output>
        </test-method> <!-- tearDown -->
        <test-method is-config="true" signature="setup()[pri:0, instance:com.screenRecorder.TestNG.ScreenRecorderTest@6f03482]" started-at="2020-07-12T18:21:27 IST" name="setup" finished-at="2020-07-12T18:21:35 IST" duration-ms="7919" status="PASS">
          <reporter-output>
          </reporter-output>
        </test-method> <!-- setup -->
        <test-method signature="navigation_FeatureTest()[pri:0, instance:com.screenRecorder.TestNG.ScreenRecorderTest@6f03482]" started-at="2020-07-12T18:21:35 IST" name="navigation_FeatureTest" finished-at="2020-07-12T18:22:28 IST" duration-ms="52913" status="PASS">
          <reporter-output>
          </reporter-output>
        </test-method> <!-- navigation_FeatureTest -->
        <test-method is-config="true" signature="tearDown()[pri:0, instance:com.screenRecorder.TestNG.ScreenRecorderTest@6f03482]" started-at="2020-07-12T18:22:28 IST" name="tearDown" finished-at="2020-07-12T18:22:32 IST" duration-ms="3899" status="PASS">
          <reporter-output>
          </reporter-output>
        </test-method> <!-- tearDown -->
      </class> <!-- com.screenRecorder.TestNG.ScreenRecorderTest -->
    </test> <!-- Default test -->
  </suite> <!-- Default suite -->
</testng-results>
